[2025-06-17 16:33:50] local.ERROR: SQLSTATE[42S01]: [Microsoft][ODBC Driver 17 for SQL Server][SQL Server]There is already an object named 'users' in the database. (Connection: sqlsrv, SQL: create table "users" ("id" bigint not null identity primary key, "name" nvarchar(255) not null, "email" nvarchar(255) not null, "email_verified_at" datetime null, "password" nvarchar(255) not null, "remember_token" nvarchar(100) null, "created_at" datetime null, "updated_at" datetime null)) {"exception":"[object] (Illuminate\\Database\\QueryException(code: 42S01): SQLSTATE[42S01]: [Microsoft][ODBC Driver 17 for SQL Server][SQL Server]There is already an object named 'users' in the database. (Connection: sqlsrv, SQL: create table \"users\" (\"id\" bigint not null identity primary key, \"name\" nvarchar(255) not null, \"email\" nvarchar(255) not null, \"email_verified_at\" datetime null, \"password\" nvarchar(255) not null, \"remember_token\" nvarchar(100) null, \"created_at\" datetime null, \"updated_at\" datetime null)) at C:\\Users\\Lucas\\Desktop\\SupermarketTest\\backend\\vendor\\laravel\\framework\\src\\Illuminate\\Database\\Connection.php:822)
[stacktrace]
#0 C:\\Users\\Lucas\\Desktop\\SupermarketTest\\backend\\vendor\\laravel\\framework\\src\\Illuminate\\Database\\Connection.php(776): Illuminate\\Database\\Connection->runQueryCallback()
#1 C:\\Users\\Lucas\\Desktop\\SupermarketTest\\backend\\vendor\\laravel\\framework\\src\\Illuminate\\Database\\Connection.php(557): Illuminate\\Database\\Connection->run()
#2 C:\\Users\\Lucas\\Desktop\\SupermarketTest\\backend\\vendor\\laravel\\framework\\src\\Illuminate\\Database\\Schema\\Blueprint.php(119): Illuminate\\Database\\Connection->statement()
#3 C:\\Users\\Lucas\\Desktop\\SupermarketTest\\backend\\vendor\\laravel\\framework\\src\\Illuminate\\Database\\Schema\\Builder.php(618): Illuminate\\Database\\Schema\\Blueprint->build()
#4 C:\\Users\\Lucas\\Desktop\\SupermarketTest\\backend\\vendor\\laravel\\framework\\src\\Illuminate\\Database\\Schema\\Builder.php(472): Illuminate\\Database\\Schema\\Builder->build()
#5 C:\\Users\\Lucas\\Desktop\\SupermarketTest\\backend\\vendor\\laravel\\framework\\src\\Illuminate\\Support\\Facades\\Facade.php(361): Illuminate\\Database\\Schema\\Builder->create()
#6 C:\\Users\\Lucas\\Desktop\\SupermarketTest\\backend\\database\\migrations\\0001_01_01_000000_create_users_table.php(14): Illuminate\\Support\\Facades\\Facade::__callStatic()
#7 C:\\Users\\Lucas\\Desktop\\SupermarketTest\\backend\\vendor\\laravel\\framework\\src\\Illuminate\\Database\\Migrations\\Migrator.php(514): Illuminate\\Database\\Migrations\\Migration@anonymous->up()
#8 C:\\Users\\Lucas\\Desktop\\SupermarketTest\\backend\\vendor\\laravel\\framework\\src\\Illuminate\\Database\\Migrations\\Migrator.php(439): Illuminate\\Database\\Migrations\\Migrator->runMethod()
#9 C:\\Users\\Lucas\\Desktop\\SupermarketTest\\backend\\vendor\\laravel\\framework\\src\\Illuminate\\Database\\Concerns\\ManagesTransactions.php(32): Illuminate\\Database\\Migrations\\Migrator->Illuminate\\Database\\Migrations\\{closure}()
#10 C:\\Users\\Lucas\\Desktop\\SupermarketTest\\backend\\vendor\\laravel\\framework\\src\\Illuminate\\Database\\SqlServerConnection.php(38): Illuminate\\Database\\Connection->transaction()
#11 C:\\Users\\Lucas\\Desktop\\SupermarketTest\\backend\\vendor\\laravel\\framework\\src\\Illuminate\\Database\\Migrations\\Migrator.php(447): Illuminate\\Database\\SqlServerConnection->transaction()
#12 C:\\Users\\Lucas\\Desktop\\SupermarketTest\\backend\\vendor\\laravel\\framework\\src\\Illuminate\\Database\\Migrations\\Migrator.php(250): Illuminate\\Database\\Migrations\\Migrator->runMigration()
#13 C:\\Users\\Lucas\\Desktop\\SupermarketTest\\backend\\vendor\\laravel\\framework\\src\\Illuminate\\Console\\View\\Components\\Task.php(41): Illuminate\\Database\\Migrations\\Migrator->Illuminate\\Database\\Migrations\\{closure}()
#14 C:\\Users\\Lucas\\Desktop\\SupermarketTest\\backend\\vendor\\laravel\\framework\\src\\Illuminate\\Database\\Migrations\\Migrator.php(805): Illuminate\\Console\\View\\Components\\Task->render()
#15 C:\\Users\\Lucas\\Desktop\\SupermarketTest\\backend\\vendor\\laravel\\framework\\src\\Illuminate\\Database\\Migrations\\Migrator.php(250): Illuminate\\Database\\Migrations\\Migrator->write()
#16 C:\\Users\\Lucas\\Desktop\\SupermarketTest\\backend\\vendor\\laravel\\framework\\src\\Illuminate\\Database\\Migrations\\Migrator.php(210): Illuminate\\Database\\Migrations\\Migrator->runUp()
#17 C:\\Users\\Lucas\\Desktop\\SupermarketTest\\backend\\vendor\\laravel\\framework\\src\\Illuminate\\Database\\Migrations\\Migrator.php(137): Illuminate\\Database\\Migrations\\Migrator->runPending()
#18 C:\\Users\\Lucas\\Desktop\\SupermarketTest\\backend\\vendor\\laravel\\framework\\src\\Illuminate\\Database\\Console\\Migrations\\MigrateCommand.php(116): Illuminate\\Database\\Migrations\\Migrator->run()
#19 C:\\Users\\Lucas\\Desktop\\SupermarketTest\\backend\\vendor\\laravel\\framework\\src\\Illuminate\\Database\\Migrations\\Migrator.php(665): Illuminate\\Database\\Console\\Migrations\\MigrateCommand->Illuminate\\Database\\Console\\Migrations\\{closure}()
#20 C:\\Users\\Lucas\\Desktop\\SupermarketTest\\backend\\vendor\\laravel\\framework\\src\\Illuminate\\Database\\Console\\Migrations\\MigrateCommand.php(109): Illuminate\\Database\\Migrations\\Migrator->usingConnection()
#21 C:\\Users\\Lucas\\Desktop\\SupermarketTest\\backend\\vendor\\laravel\\framework\\src\\Illuminate\\Database\\Console\\Migrations\\MigrateCommand.php(88): Illuminate\\Database\\Console\\Migrations\\MigrateCommand->runMigrations()
#22 C:\\Users\\Lucas\\Desktop\\SupermarketTest\\backend\\vendor\\laravel\\framework\\src\\Illuminate\\Container\\BoundMethod.php(36): Illuminate\\Database\\Console\\Migrations\\MigrateCommand->handle()
#23 C:\\Users\\Lucas\\Desktop\\SupermarketTest\\backend\\vendor\\laravel\\framework\\src\\Illuminate\\Container\\Util.php(43): Illuminate\\Container\\BoundMethod::Illuminate\\Container\\{closure}()
#24 C:\\Users\\Lucas\\Desktop\\SupermarketTest\\backend\\vendor\\laravel\\framework\\src\\Illuminate\\Container\\BoundMethod.php(96): Illuminate\\Container\\Util::unwrapIfClosure()
#25 C:\\Users\\Lucas\\Desktop\\SupermarketTest\\backend\\vendor\\laravel\\framework\\src\\Illuminate\\Container\\BoundMethod.php(35): Illuminate\\Container\\BoundMethod::callBoundMethod()
#26 C:\\Users\\Lucas\\Desktop\\SupermarketTest\\backend\\vendor\\laravel\\framework\\src\\Illuminate\\Container\\Container.php(754): Illuminate\\Container\\BoundMethod::call()
#27 C:\\Users\\Lucas\\Desktop\\SupermarketTest\\backend\\vendor\\laravel\\framework\\src\\Illuminate\\Console\\Command.php(211): Illuminate\\Container\\Container->call()
#28 C:\\Users\\Lucas\\Desktop\\SupermarketTest\\backend\\vendor\\symfony\\console\\Command\\Command.php(318): Illuminate\\Console\\Command->execute()
#29 C:\\Users\\Lucas\\Desktop\\SupermarketTest\\backend\\vendor\\laravel\\framework\\src\\Illuminate\\Console\\Command.php(180): Symfony\\Component\\Console\\Command\\Command->run()
#30 C:\\Users\\Lucas\\Desktop\\SupermarketTest\\backend\\vendor\\symfony\\console\\Application.php(1092): Illuminate\\Console\\Command->run()
#31 C:\\Users\\Lucas\\Desktop\\SupermarketTest\\backend\\vendor\\symfony\\console\\Application.php(341): Symfony\\Component\\Console\\Application->doRunCommand()
#32 C:\\Users\\Lucas\\Desktop\\SupermarketTest\\backend\\vendor\\symfony\\console\\Application.php(192): Symfony\\Component\\Console\\Application->doRun()
#33 C:\\Users\\Lucas\\Desktop\\SupermarketTest\\backend\\vendor\\laravel\\framework\\src\\Illuminate\\Foundation\\Console\\Kernel.php(197): Symfony\\Component\\Console\\Application->run()
#34 C:\\Users\\Lucas\\Desktop\\SupermarketTest\\backend\\vendor\\laravel\\framework\\src\\Illuminate\\Foundation\\Application.php(1234): Illuminate\\Foundation\\Console\\Kernel->handle()
#35 C:\\Users\\Lucas\\Desktop\\SupermarketTest\\backend\\artisan(16): Illuminate\\Foundation\\Application->handleCommand()
#36 {main}

[previous exception] [object] (PDOException(code: 42S01): SQLSTATE[42S01]: [Microsoft][ODBC Driver 17 for SQL Server][SQL Server]There is already an object named 'users' in the database. at C:\\Users\\Lucas\\Desktop\\SupermarketTest\\backend\\vendor\\laravel\\framework\\src\\Illuminate\\Database\\Connection.php:568)
[stacktrace]
#0 C:\\Users\\Lucas\\Desktop\\SupermarketTest\\backend\\vendor\\laravel\\framework\\src\\Illuminate\\Database\\Connection.php(568): PDOStatement->execute()
#1 C:\\Users\\Lucas\\Desktop\\SupermarketTest\\backend\\vendor\\laravel\\framework\\src\\Illuminate\\Database\\Connection.php(809): Illuminate\\Database\\Connection->Illuminate\\Database\\{closure}()
#2 C:\\Users\\Lucas\\Desktop\\SupermarketTest\\backend\\vendor\\laravel\\framework\\src\\Illuminate\\Database\\Connection.php(776): Illuminate\\Database\\Connection->runQueryCallback()
#3 C:\\Users\\Lucas\\Desktop\\SupermarketTest\\backend\\vendor\\laravel\\framework\\src\\Illuminate\\Database\\Connection.php(557): Illuminate\\Database\\Connection->run()
#4 C:\\Users\\Lucas\\Desktop\\SupermarketTest\\backend\\vendor\\laravel\\framework\\src\\Illuminate\\Database\\Schema\\Blueprint.php(119): Illuminate\\Database\\Connection->statement()
#5 C:\\Users\\Lucas\\Desktop\\SupermarketTest\\backend\\vendor\\laravel\\framework\\src\\Illuminate\\Database\\Schema\\Builder.php(618): Illuminate\\Database\\Schema\\Blueprint->build()
#6 C:\\Users\\Lucas\\Desktop\\SupermarketTest\\backend\\vendor\\laravel\\framework\\src\\Illuminate\\Database\\Schema\\Builder.php(472): Illuminate\\Database\\Schema\\Builder->build()
#7 C:\\Users\\Lucas\\Desktop\\SupermarketTest\\backend\\vendor\\laravel\\framework\\src\\Illuminate\\Support\\Facades\\Facade.php(361): Illuminate\\Database\\Schema\\Builder->create()
#8 C:\\Users\\Lucas\\Desktop\\SupermarketTest\\backend\\database\\migrations\\0001_01_01_000000_create_users_table.php(14): Illuminate\\Support\\Facades\\Facade::__callStatic()
#9 C:\\Users\\Lucas\\Desktop\\SupermarketTest\\backend\\vendor\\laravel\\framework\\src\\Illuminate\\Database\\Migrations\\Migrator.php(514): Illuminate\\Database\\Migrations\\Migration@anonymous->up()
#10 C:\\Users\\Lucas\\Desktop\\SupermarketTest\\backend\\vendor\\laravel\\framework\\src\\Illuminate\\Database\\Migrations\\Migrator.php(439): Illuminate\\Database\\Migrations\\Migrator->runMethod()
#11 C:\\Users\\Lucas\\Desktop\\SupermarketTest\\backend\\vendor\\laravel\\framework\\src\\Illuminate\\Database\\Concerns\\ManagesTransactions.php(32): Illuminate\\Database\\Migrations\\Migrator->Illuminate\\Database\\Migrations\\{closure}()
#12 C:\\Users\\Lucas\\Desktop\\SupermarketTest\\backend\\vendor\\laravel\\framework\\src\\Illuminate\\Database\\SqlServerConnection.php(38): Illuminate\\Database\\Connection->transaction()
#13 C:\\Users\\Lucas\\Desktop\\SupermarketTest\\backend\\vendor\\laravel\\framework\\src\\Illuminate\\Database\\Migrations\\Migrator.php(447): Illuminate\\Database\\SqlServerConnection->transaction()
#14 C:\\Users\\Lucas\\Desktop\\SupermarketTest\\backend\\vendor\\laravel\\framework\\src\\Illuminate\\Database\\Migrations\\Migrator.php(250): Illuminate\\Database\\Migrations\\Migrator->runMigration()
#15 C:\\Users\\Lucas\\Desktop\\SupermarketTest\\backend\\vendor\\laravel\\framework\\src\\Illuminate\\Console\\View\\Components\\Task.php(41): Illuminate\\Database\\Migrations\\Migrator->Illuminate\\Database\\Migrations\\{closure}()
#16 C:\\Users\\Lucas\\Desktop\\SupermarketTest\\backend\\vendor\\laravel\\framework\\src\\Illuminate\\Database\\Migrations\\Migrator.php(805): Illuminate\\Console\\View\\Components\\Task->render()
#17 C:\\Users\\Lucas\\Desktop\\SupermarketTest\\backend\\vendor\\laravel\\framework\\src\\Illuminate\\Database\\Migrations\\Migrator.php(250): Illuminate\\Database\\Migrations\\Migrator->write()
#18 C:\\Users\\Lucas\\Desktop\\SupermarketTest\\backend\\vendor\\laravel\\framework\\src\\Illuminate\\Database\\Migrations\\Migrator.php(210): Illuminate\\Database\\Migrations\\Migrator->runUp()
#19 C:\\Users\\Lucas\\Desktop\\SupermarketTest\\backend\\vendor\\laravel\\framework\\src\\Illuminate\\Database\\Migrations\\Migrator.php(137): Illuminate\\Database\\Migrations\\Migrator->runPending()
#20 C:\\Users\\Lucas\\Desktop\\SupermarketTest\\backend\\vendor\\laravel\\framework\\src\\Illuminate\\Database\\Console\\Migrations\\MigrateCommand.php(116): Illuminate\\Database\\Migrations\\Migrator->run()
#21 C:\\Users\\Lucas\\Desktop\\SupermarketTest\\backend\\vendor\\laravel\\framework\\src\\Illuminate\\Database\\Migrations\\Migrator.php(665): Illuminate\\Database\\Console\\Migrations\\MigrateCommand->Illuminate\\Database\\Console\\Migrations\\{closure}()
#22 C:\\Users\\Lucas\\Desktop\\SupermarketTest\\backend\\vendor\\laravel\\framework\\src\\Illuminate\\Database\\Console\\Migrations\\MigrateCommand.php(109): Illuminate\\Database\\Migrations\\Migrator->usingConnection()
#23 C:\\Users\\Lucas\\Desktop\\SupermarketTest\\backend\\vendor\\laravel\\framework\\src\\Illuminate\\Database\\Console\\Migrations\\MigrateCommand.php(88): Illuminate\\Database\\Console\\Migrations\\MigrateCommand->runMigrations()
#24 C:\\Users\\Lucas\\Desktop\\SupermarketTest\\backend\\vendor\\laravel\\framework\\src\\Illuminate\\Container\\BoundMethod.php(36): Illuminate\\Database\\Console\\Migrations\\MigrateCommand->handle()
#25 C:\\Users\\Lucas\\Desktop\\SupermarketTest\\backend\\vendor\\laravel\\framework\\src\\Illuminate\\Container\\Util.php(43): Illuminate\\Container\\BoundMethod::Illuminate\\Container\\{closure}()
#26 C:\\Users\\Lucas\\Desktop\\SupermarketTest\\backend\\vendor\\laravel\\framework\\src\\Illuminate\\Container\\BoundMethod.php(96): Illuminate\\Container\\Util::unwrapIfClosure()
#27 C:\\Users\\Lucas\\Desktop\\SupermarketTest\\backend\\vendor\\laravel\\framework\\src\\Illuminate\\Container\\BoundMethod.php(35): Illuminate\\Container\\BoundMethod::callBoundMethod()
#28 C:\\Users\\Lucas\\Desktop\\SupermarketTest\\backend\\vendor\\laravel\\framework\\src\\Illuminate\\Container\\Container.php(754): Illuminate\\Container\\BoundMethod::call()
#29 C:\\Users\\Lucas\\Desktop\\SupermarketTest\\backend\\vendor\\laravel\\framework\\src\\Illuminate\\Console\\Command.php(211): Illuminate\\Container\\Container->call()
#30 C:\\Users\\Lucas\\Desktop\\SupermarketTest\\backend\\vendor\\symfony\\console\\Command\\Command.php(318): Illuminate\\Console\\Command->execute()
#31 C:\\Users\\Lucas\\Desktop\\SupermarketTest\\backend\\vendor\\laravel\\framework\\src\\Illuminate\\Console\\Command.php(180): Symfony\\Component\\Console\\Command\\Command->run()
#32 C:\\Users\\Lucas\\Desktop\\SupermarketTest\\backend\\vendor\\symfony\\console\\Application.php(1092): Illuminate\\Console\\Command->run()
#33 C:\\Users\\Lucas\\Desktop\\SupermarketTest\\backend\\vendor\\symfony\\console\\Application.php(341): Symfony\\Component\\Console\\Application->doRunCommand()
#34 C:\\Users\\Lucas\\Desktop\\SupermarketTest\\backend\\vendor\\symfony\\console\\Application.php(192): Symfony\\Component\\Console\\Application->doRun()
#35 C:\\Users\\Lucas\\Desktop\\SupermarketTest\\backend\\vendor\\laravel\\framework\\src\\Illuminate\\Foundation\\Console\\Kernel.php(197): Symfony\\Component\\Console\\Application->run()
#36 C:\\Users\\Lucas\\Desktop\\SupermarketTest\\backend\\vendor\\laravel\\framework\\src\\Illuminate\\Foundation\\Application.php(1234): Illuminate\\Foundation\\Console\\Kernel->handle()
#37 C:\\Users\\Lucas\\Desktop\\SupermarketTest\\backend\\artisan(16): Illuminate\\Foundation\\Application->handleCommand()
#38 {main}
"} 
